[2019-01-18 19:04:00.491] [exthost1] [info] extension host started
[2019-01-18 19:04:02.128] [exthost1] [info] extension host started
[2019-01-18 19:04:02.190] [exthost1] [info] ExtensionService#_doActivateExtension vscode.debug-auto-launch {"startup":true,"activationEvent":"*"}
[2019-01-18 19:04:02.191] [exthost1] [info] ExtensionService#loadCommonJSModule c:\Users\santi\.codemix\engine\resources\app\extensions\debug-auto-launch\out\extension
[2019-01-18 19:04:02.227] [exthost1] [info] ExtensionService#_doActivateExtension vscode.emmet {"startup":true,"activationEvent":"*"}
[2019-01-18 19:04:02.227] [exthost1] [info] ExtensionService#loadCommonJSModule c:\Users\santi\.codemix\engine\resources\app\extensions\emmet\dist\extension
[2019-01-18 19:04:02.380] [exthost1] [info] ExtensionService#_doActivateExtension vscode.merge-conflict {"startup":true,"activationEvent":"*"}
[2019-01-18 19:04:02.380] [exthost1] [info] ExtensionService#loadCommonJSModule c:\Users\santi\.codemix\engine\resources\app\extensions\merge-conflict\out\extension
[2019-01-18 19:04:02.464] [exthost1] [info] ExtensionService#_doActivateExtension vscode.search-rg {"startup":true,"activationEvent":"*"}
[2019-01-18 19:04:02.464] [exthost1] [info] ExtensionService#loadCommonJSModule c:\Users\santi\.codemix\engine\resources\app\extensions\search-rg\out\extension
[2019-01-18 19:04:02.506] [exthost1] [info] ExtensionService#_doActivateExtension christian-kohler.path-intellisense {"startup":true,"activationEvent":"*"}
[2019-01-18 19:04:02.506] [exthost1] [info] ExtensionService#loadCommonJSModule C:\Users\santi\.codemix\extensions\christian-kohler.path-intellisense-1.4.2\out\src\extension
[2019-01-18 19:04:02.667] [exthost1] [info] ExtensionService#_doActivateExtension dbaeumer.vscode-eslint {"startup":true,"activationEvent":"*"}
[2019-01-18 19:04:02.667] [exthost1] [info] ExtensionService#loadCommonJSModule C:\Users\santi\.codemix\extensions\dbaeumer.vscode-eslint-1.4.10\client\out\extension
[2019-01-18 19:04:03.925] [exthost1] [info] ExtensionService#_doActivateExtension formulahendry.auto-close-tag {"startup":true,"activationEvent":"*"}
[2019-01-18 19:04:03.925] [exthost1] [info] ExtensionService#loadCommonJSModule C:\Users\santi\.codemix\extensions\formulahendry.auto-close-tag-0.5.6\out\src\extension
[2019-01-18 19:04:03.967] [exthost1] [info] ExtensionService#_doActivateExtension HookyQR.beautify {"startup":true,"activationEvent":"*"}
[2019-01-18 19:04:03.967] [exthost1] [info] ExtensionService#loadCommonJSModule C:\Users\santi\.codemix\extensions\hookyqr.beautify-1.3.0\extension
[2019-01-18 19:04:04.652] [exthost1] [info] eager extensions activated
[2019-01-18 19:04:04.657] [exthost1] [info] ExtensionService#_doActivateExtension vscode.configuration-editing {"startup":false,"activationEvent":"onLanguage:jsonc"}
[2019-01-18 19:04:04.657] [exthost1] [info] ExtensionService#loadCommonJSModule c:\Users\santi\.codemix\engine\resources\app\extensions\configuration-editing\out\extension
[2019-01-18 19:04:04.892] [exthost1] [info] ExtensionService#_doActivateExtension vscode.json-language-features {"startup":false,"activationEvent":"onLanguage:jsonc"}
[2019-01-18 19:04:04.892] [exthost1] [info] ExtensionService#loadCommonJSModule c:\Users\santi\.codemix\engine\resources\app\extensions\json-language-features\client\dist\jsonMain
[2019-01-18 19:04:06.713] [exthost1] [info] ExtensionService#_doActivateExtension vscode.typescript-language-features {"startup":false,"activationEvent":"onLanguage:jsonc"}
[2019-01-18 19:04:06.713] [exthost1] [info] ExtensionService#loadCommonJSModule c:\Users\santi\.codemix\engine\resources\app\extensions\typescript-language-features\dist\extension
[2019-01-18 19:04:07.910] [exthost1] [info] ExtensionService#_doActivateExtension vscode.grunt {"startup":false,"activationEvent":"onCommand:workbench.action.tasks.runTask"}
[2019-01-18 19:04:07.910] [exthost1] [info] ExtensionService#loadCommonJSModule c:\Users\santi\.codemix\engine\resources\app\extensions\grunt\out\main
[2019-01-18 19:04:07.997] [exthost1] [info] ExtensionService#_doActivateExtension vscode.gulp {"startup":false,"activationEvent":"onCommand:workbench.action.tasks.runTask"}
[2019-01-18 19:04:07.997] [exthost1] [info] ExtensionService#loadCommonJSModule c:\Users\santi\.codemix\engine\resources\app\extensions\gulp\out\main
[2019-01-18 19:04:08.077] [exthost1] [info] ExtensionService#_doActivateExtension vscode.jake {"startup":false,"activationEvent":"onCommand:workbench.action.tasks.runTask"}
[2019-01-18 19:04:08.077] [exthost1] [info] ExtensionService#loadCommonJSModule c:\Users\santi\.codemix\engine\resources\app\extensions\jake\out\main
[2019-01-18 19:04:08.162] [exthost1] [info] ExtensionService#_doActivateExtension vscode.npm {"startup":false,"activationEvent":"onCommand:workbench.action.tasks.runTask"}
[2019-01-18 19:04:08.162] [exthost1] [info] ExtensionService#loadCommonJSModule c:\Users\santi\.codemix\engine\resources\app\extensions\npm\out\main
[2019-01-18 19:08:31.201] [exthost1] [info] ExtensionService#_doActivateExtension vscode.html-language-features {"startup":false,"activationEvent":"onLanguage:html"}
[2019-01-18 19:08:31.201] [exthost1] [info] ExtensionService#loadCommonJSModule c:\Users\santi\.codemix\engine\resources\app\extensions\html-language-features\client\dist\htmlMain
[2019-01-18 19:08:32.765] [exthost1] [info] ExtensionService#_doActivateExtension mkaufman.HTMLHint {"startup":false,"activationEvent":"onLanguage:html"}
[2019-01-18 19:08:32.765] [exthost1] [info] ExtensionService#loadCommonJSModule C:\Users\santi\.codemix\extensions\mkaufman.htmlhint-0.5.0\out\extension
[2019-01-18 19:08:34.058] [exthost1] [info] ExtensionService#_doActivateExtension vscode.css-language-features {"startup":false,"activationEvent":"onLanguage:css"}
[2019-01-18 19:08:34.058] [exthost1] [info] ExtensionService#loadCommonJSModule c:\Users\santi\.codemix\engine\resources\app\extensions\css-language-features\client\dist\cssMain
