[2019-01-24 11:11:04.870] [exthost1] [info] extension host started
[2019-01-24 11:11:07.380] [exthost1] [info] extension host started
[2019-01-24 11:11:07.427] [exthost1] [info] ExtensionService#_doActivateExtension vscode.debug-auto-launch {"startup":true,"activationEvent":"*"}
[2019-01-24 11:11:07.428] [exthost1] [info] ExtensionService#loadCommonJSModule c:\Users\santi\.codemix\engine\resources\app\extensions\debug-auto-launch\out\extension
[2019-01-24 11:11:07.446] [exthost1] [info] ExtensionService#_doActivateExtension vscode.emmet {"startup":true,"activationEvent":"*"}
[2019-01-24 11:11:07.446] [exthost1] [info] ExtensionService#loadCommonJSModule c:\Users\santi\.codemix\engine\resources\app\extensions\emmet\dist\extension
[2019-01-24 11:11:07.536] [exthost1] [info] ExtensionService#_doActivateExtension vscode.merge-conflict {"startup":true,"activationEvent":"*"}
[2019-01-24 11:11:07.536] [exthost1] [info] ExtensionService#loadCommonJSModule c:\Users\santi\.codemix\engine\resources\app\extensions\merge-conflict\out\extension
[2019-01-24 11:11:07.567] [exthost1] [info] ExtensionService#_doActivateExtension vscode.search-rg {"startup":true,"activationEvent":"*"}
[2019-01-24 11:11:07.567] [exthost1] [info] ExtensionService#loadCommonJSModule c:\Users\santi\.codemix\engine\resources\app\extensions\search-rg\out\extension
[2019-01-24 11:11:07.651] [exthost1] [info] ExtensionService#_doActivateExtension christian-kohler.path-intellisense {"startup":true,"activationEvent":"*"}
[2019-01-24 11:11:07.651] [exthost1] [info] ExtensionService#loadCommonJSModule C:\Users\santi\.codemix\extensions\christian-kohler.path-intellisense-1.4.2\out\src\extension
[2019-01-24 11:11:08.024] [exthost1] [info] ExtensionService#_doActivateExtension dbaeumer.vscode-eslint {"startup":true,"activationEvent":"*"}
[2019-01-24 11:11:08.024] [exthost1] [info] ExtensionService#loadCommonJSModule C:\Users\santi\.codemix\extensions\dbaeumer.vscode-eslint-1.4.10\client\out\extension
[2019-01-24 11:11:09.483] [exthost1] [info] ExtensionService#_doActivateExtension formulahendry.auto-close-tag {"startup":true,"activationEvent":"*"}
[2019-01-24 11:11:09.483] [exthost1] [info] ExtensionService#loadCommonJSModule C:\Users\santi\.codemix\extensions\formulahendry.auto-close-tag-0.5.6\out\src\extension
[2019-01-24 11:11:09.513] [exthost1] [info] ExtensionService#_doActivateExtension HookyQR.beautify {"startup":true,"activationEvent":"*"}
[2019-01-24 11:11:09.513] [exthost1] [info] ExtensionService#loadCommonJSModule C:\Users\santi\.codemix\extensions\hookyqr.beautify-1.3.0\extension
[2019-01-24 11:11:10.429] [exthost1] [info] eager extensions activated
[2019-01-24 11:11:10.429] [exthost1] [info] ExtensionService#_doActivateExtension vscode.grunt {"startup":false,"activationEvent":"onCommand:workbench.action.tasks.runTask"}
[2019-01-24 11:11:10.429] [exthost1] [info] ExtensionService#loadCommonJSModule c:\Users\santi\.codemix\engine\resources\app\extensions\grunt\out\main
[2019-01-24 11:11:10.527] [exthost1] [info] ExtensionService#_doActivateExtension vscode.gulp {"startup":false,"activationEvent":"onCommand:workbench.action.tasks.runTask"}
[2019-01-24 11:11:10.527] [exthost1] [info] ExtensionService#loadCommonJSModule c:\Users\santi\.codemix\engine\resources\app\extensions\gulp\out\main
[2019-01-24 11:11:10.665] [exthost1] [info] ExtensionService#_doActivateExtension vscode.jake {"startup":false,"activationEvent":"onCommand:workbench.action.tasks.runTask"}
[2019-01-24 11:11:10.665] [exthost1] [info] ExtensionService#loadCommonJSModule c:\Users\santi\.codemix\engine\resources\app\extensions\jake\out\main
[2019-01-24 11:11:10.762] [exthost1] [info] ExtensionService#_doActivateExtension vscode.npm {"startup":false,"activationEvent":"onCommand:workbench.action.tasks.runTask"}
[2019-01-24 11:11:10.762] [exthost1] [info] ExtensionService#loadCommonJSModule c:\Users\santi\.codemix\engine\resources\app\extensions\npm\out\main
[2019-01-24 11:11:11.989] [exthost1] [info] ExtensionService#_doActivateExtension vscode.typescript-language-features {"startup":false,"activationEvent":"onCommand:workbench.action.tasks.runTask"}
[2019-01-24 11:11:11.989] [exthost1] [info] ExtensionService#loadCommonJSModule c:\Users\santi\.codemix\engine\resources\app\extensions\typescript-language-features\dist\extension
[2019-01-24 11:11:14.213] [exthost1] [info] ExtensionService#_doActivateExtension vscode.configuration-editing {"startup":false,"activationEvent":"onLanguage:jsonc"}
[2019-01-24 11:11:14.213] [exthost1] [info] ExtensionService#loadCommonJSModule c:\Users\santi\.codemix\engine\resources\app\extensions\configuration-editing\out\extension
[2019-01-24 11:11:14.399] [exthost1] [info] ExtensionService#_doActivateExtension vscode.json-language-features {"startup":false,"activationEvent":"onLanguage:jsonc"}
[2019-01-24 11:11:14.399] [exthost1] [info] ExtensionService#loadCommonJSModule c:\Users\santi\.codemix\engine\resources\app\extensions\json-language-features\client\dist\jsonMain
[2019-01-24 11:11:21.811] [exthost1] [info] extension host started
[2019-01-24 11:11:21.859] [exthost1] [info] ExtensionService#_doActivateExtension vscode.debug-auto-launch {"startup":true,"activationEvent":"*"}
[2019-01-24 11:11:21.859] [exthost1] [info] ExtensionService#loadCommonJSModule c:\Users\santi\.codemix\engine\resources\app\extensions\debug-auto-launch\out\extension
[2019-01-24 11:11:21.876] [exthost1] [info] ExtensionService#_doActivateExtension vscode.emmet {"startup":true,"activationEvent":"*"}
[2019-01-24 11:11:21.876] [exthost1] [info] ExtensionService#loadCommonJSModule c:\Users\santi\.codemix\engine\resources\app\extensions\emmet\dist\extension
[2019-01-24 11:11:21.947] [exthost1] [info] ExtensionService#_doActivateExtension vscode.merge-conflict {"startup":true,"activationEvent":"*"}
[2019-01-24 11:11:21.947] [exthost1] [info] ExtensionService#loadCommonJSModule c:\Users\santi\.codemix\engine\resources\app\extensions\merge-conflict\out\extension
[2019-01-24 11:11:21.977] [exthost1] [info] ExtensionService#_doActivateExtension vscode.search-rg {"startup":true,"activationEvent":"*"}
[2019-01-24 11:11:21.977] [exthost1] [info] ExtensionService#loadCommonJSModule c:\Users\santi\.codemix\engine\resources\app\extensions\search-rg\out\extension
[2019-01-24 11:11:21.990] [exthost1] [info] ExtensionService#_doActivateExtension christian-kohler.path-intellisense {"startup":true,"activationEvent":"*"}
[2019-01-24 11:11:21.990] [exthost1] [info] ExtensionService#loadCommonJSModule C:\Users\santi\.codemix\extensions\christian-kohler.path-intellisense-1.4.2\out\src\extension
[2019-01-24 11:11:22.013] [exthost1] [info] ExtensionService#_doActivateExtension dbaeumer.vscode-eslint {"startup":true,"activationEvent":"*"}
[2019-01-24 11:11:22.013] [exthost1] [info] ExtensionService#loadCommonJSModule C:\Users\santi\.codemix\extensions\dbaeumer.vscode-eslint-1.4.10\client\out\extension
[2019-01-24 11:11:22.127] [exthost1] [info] ExtensionService#_doActivateExtension formulahendry.auto-close-tag {"startup":true,"activationEvent":"*"}
[2019-01-24 11:11:22.127] [exthost1] [info] ExtensionService#loadCommonJSModule C:\Users\santi\.codemix\extensions\formulahendry.auto-close-tag-0.5.6\out\src\extension
[2019-01-24 11:11:22.130] [exthost1] [info] ExtensionService#_doActivateExtension HookyQR.beautify {"startup":true,"activationEvent":"*"}
[2019-01-24 11:11:22.130] [exthost1] [info] ExtensionService#loadCommonJSModule C:\Users\santi\.codemix\extensions\hookyqr.beautify-1.3.0\extension
[2019-01-24 11:11:22.209] [exthost1] [info] eager extensions activated
[2019-01-24 11:11:22.210] [exthost1] [info] ExtensionService#_doActivateExtension vscode.grunt {"startup":false,"activationEvent":"onCommand:workbench.action.tasks.runTask"}
[2019-01-24 11:11:22.210] [exthost1] [info] ExtensionService#loadCommonJSModule c:\Users\santi\.codemix\engine\resources\app\extensions\grunt\out\main
[2019-01-24 11:11:22.219] [exthost1] [info] ExtensionService#_doActivateExtension vscode.gulp {"startup":false,"activationEvent":"onCommand:workbench.action.tasks.runTask"}
[2019-01-24 11:11:22.219] [exthost1] [info] ExtensionService#loadCommonJSModule c:\Users\santi\.codemix\engine\resources\app\extensions\gulp\out\main
[2019-01-24 11:11:22.228] [exthost1] [info] ExtensionService#_doActivateExtension vscode.jake {"startup":false,"activationEvent":"onCommand:workbench.action.tasks.runTask"}
[2019-01-24 11:11:22.228] [exthost1] [info] ExtensionService#loadCommonJSModule c:\Users\santi\.codemix\engine\resources\app\extensions\jake\out\main
[2019-01-24 11:11:22.237] [exthost1] [info] ExtensionService#_doActivateExtension vscode.npm {"startup":false,"activationEvent":"onCommand:workbench.action.tasks.runTask"}
[2019-01-24 11:11:22.237] [exthost1] [info] ExtensionService#loadCommonJSModule c:\Users\santi\.codemix\engine\resources\app\extensions\npm\out\main
[2019-01-24 11:11:22.338] [exthost1] [info] ExtensionService#_doActivateExtension vscode.typescript-language-features {"startup":false,"activationEvent":"onCommand:workbench.action.tasks.runTask"}
[2019-01-24 11:11:22.338] [exthost1] [info] ExtensionService#loadCommonJSModule c:\Users\santi\.codemix\engine\resources\app\extensions\typescript-language-features\dist\extension
[2019-01-24 11:11:22.542] [exthost1] [info] ExtensionService#_doActivateExtension vscode.configuration-editing {"startup":false,"activationEvent":"onLanguage:jsonc"}
[2019-01-24 11:11:22.542] [exthost1] [info] ExtensionService#loadCommonJSModule c:\Users\santi\.codemix\engine\resources\app\extensions\configuration-editing\out\extension
[2019-01-24 11:11:22.564] [exthost1] [info] ExtensionService#_doActivateExtension vscode.json-language-features {"startup":false,"activationEvent":"onLanguage:jsonc"}
[2019-01-24 11:11:22.564] [exthost1] [info] ExtensionService#loadCommonJSModule c:\Users\santi\.codemix\engine\resources\app\extensions\json-language-features\client\dist\jsonMain
[2019-01-24 11:11:22.816] [exthost1] [info] ExtensionService#_doActivateExtension vscode.html-language-features {"startup":false,"activationEvent":"onLanguage:html"}
[2019-01-24 11:11:22.816] [exthost1] [info] ExtensionService#loadCommonJSModule c:\Users\santi\.codemix\engine\resources\app\extensions\html-language-features\client\dist\htmlMain
[2019-01-24 11:11:24.154] [exthost1] [info] ExtensionService#_doActivateExtension mkaufman.HTMLHint {"startup":false,"activationEvent":"onLanguage:html"}
[2019-01-24 11:11:24.154] [exthost1] [info] ExtensionService#loadCommonJSModule C:\Users\santi\.codemix\extensions\mkaufman.htmlhint-0.5.0\out\extension
